<!DOCTYPE html PUBLIC "-//W3C//DTD XHTML 1.1//EN" "http://www.w3.org/TR/xhtml11/DTD/xhtml11.dtd">
<html xmlns="http://www.w3.org/1999/xhtml">
<head>
<meta charset='utf-8'>
<title>TestNG Report</title>
<style type="text/css">
table {margin-bottom:10px;border-collapse:collapse;empty-cells:show}
td,th {border:1px solid #009;padding:.25em .5em}
.result th {vertical-align:bottom}
.param th {padding-left:1em;padding-right:1em}
.param td {padding-left:.5em;padding-right:2em}
.stripe td,.stripe th {background-color: #E6EBF9}
.numi,.numi_attn {text-align:right}
.total td {font-weight:bold}
.passedodd td {background-color: #0A0}
.passedeven td {background-color: #3F3}
.skippedodd td {background-color: #CCC}
.skippedodd td {background-color: #DDD}
.failedodd td,.numi_attn {background-color: #F33}
.failedeven td,.stripe .numi_attn {background-color: #D00}
.stacktrace {white-space:pre;font-family:monospace}
.totop {font-size:85%;text-align:center;border-bottom:2px solid #000}
</style>
</head>
<body>
<table cellspacing="0" cellpadding="0" class="testOverview">
<tr><th>Test</th><th>Methods<br/>Passed</th><th>Scenarios<br/>Passed</th><th># skipped</th><th># failed</th><th>Total<br/>Time</th><th>Included<br/>Groups</th><th>Excluded<br/>Groups</th></tr>
<tr><td style="text-align:left;padding-right:2em"><a href="#t1">AutomationFoxHr_chrome</a></td><td class="numi">9</td><td class="numi">9</td><td class="numi">0</td><td class="numi_attn">1</td><td class="numi">323.0 seconds</td><td class="numi"></td><td class="numi"></td></tr>
<tr class="stripe"><td style="text-align:left;padding-right:2em"><a href="#t2">AutomationEdge_Edge</a></td><td class="numi">9</td><td class="numi">9</td><td class="numi">0</td><td class="numi_attn">1</td><td class="numi">354.9 seconds</td><td class="numi"></td><td class="numi"></td></tr>
<tr class="total"><td>Total</td>
<td class="numi">18</td><td class="numi">18</td><td class="numi">0</td><td class="numi_attn">2</td><td class="numi">677.9 seconds</td><td colspan="2">&nbsp;</td></tr>
</table>
<table cellspacing="0" cellpadding="0" class="methodOverview" id="summary">
<tr><th>Class</th><th>Method</th><th># of<br/>Scenarios</th><th>Start</th><th>Time<br/>(ms)</th></tr>
<tr id="t1"><th colspan="5">AutomationFoxHr_chrome &#8212; failed</th></tr>
<tr class="failedodd"><td>TestCases.emp_PunchinPunchout</td><td><a href="#m1"><b>punchin_punchout</b>  </a></td><td class="numi">1</td><td>1683634139521</td><td class="numi">69527</td></tr>
<tr><th colspan="5">AutomationFoxHr_chrome &#8212; passed</th></tr>
<tr class="passedodd"><td rowspan="7">TestCases.ChangePassword</td><td><a href="#m2"><b>assertSearchByNameTest</b>  </a></td><td class="numi">1</td><td>1683634095847</td><td class="numi">9028</td></tr><tr class="passedodd"><td><a href="#m3"><b>add_personal_info</b>  </a></td><td class="numi">1</td><td>1683634104885</td><td class="numi">5265</td></tr><tr class="passedodd"><td><a href="#m4"><b>add_organization</b>  </a></td><td class="numi">1</td><td>1683634110152</td><td class="numi">11273</td></tr><tr class="passedodd"><td><a href="#m5"><b>Finances_Insurance</b>  </a></td><td class="numi">1</td><td>1683634121426</td><td class="numi">1967</td></tr><tr class="passedodd"><td><a href="#m6"><b>Annual_Leave_Attendance_Policy</b>  </a></td><td class="numi">1</td><td>1683634123394</td><td class="numi">788</td></tr><tr class="passedodd"><td><a href="#m7"><b>Employee_creation_confirmation</b>  </a></td><td class="numi">1</td><td>1683634124183</td><td class="numi">2211</td></tr><tr class="passedodd"><td><a href="#m8"><b>Apply_filter</b>  </a></td><td class="numi">1</td><td>1683634126396</td><td class="numi">7468</td></tr>
<tr class="passedeven"><td>TestCases.emp_PunchinPunchout</td><td><a href="#m9"><b>login_emp</b>  </a></td><td class="numi">1</td><td>1683634133867</td><td class="numi">5653</td></tr>
<tr class="passedodd"><td>TestCases.creating_emp_leave_request</td><td><a href="#m10"><b>createLeaverequest</b>  </a></td><td class="numi">1</td><td>1683634209218</td><td class="numi">197714</td></tr>
<tr id="t2"><th colspan="5">AutomationEdge_Edge &#8212; failed</th></tr>
<tr class="failedodd"><td>TestCases.emp_PunchinPunchout</td><td><a href="#m11"><b>punchin_punchout</b>  </a></td><td class="numi">1</td><td>1683634465636</td><td class="numi">64082</td></tr>
<tr><th colspan="5">AutomationEdge_Edge &#8212; passed</th></tr>
<tr class="passedodd"><td rowspan="7">TestCases.ChangePassword</td><td><a href="#m12"><b>assertSearchByNameTest</b>  </a></td><td class="numi">1</td><td>1683634418243</td><td class="numi">9597</td></tr><tr class="passedodd"><td><a href="#m13"><b>add_personal_info</b>  </a></td><td class="numi">1</td><td>1683634427841</td><td class="numi">5235</td></tr><tr class="passedodd"><td><a href="#m14"><b>add_organization</b>  </a></td><td class="numi">1</td><td>1683634433077</td><td class="numi">11387</td></tr><tr class="passedodd"><td><a href="#m15"><b>Finances_Insurance</b>  </a></td><td class="numi">1</td><td>1683634444465</td><td class="numi">2392</td></tr><tr class="passedodd"><td><a href="#m16"><b>Annual_Leave_Attendance_Policy</b>  </a></td><td class="numi">1</td><td>1683634446862</td><td class="numi">1864</td></tr><tr class="passedodd"><td><a href="#m17"><b>Employee_creation_confirmation</b>  </a></td><td class="numi">1</td><td>1683634448729</td><td class="numi">2159</td></tr><tr class="passedodd"><td><a href="#m18"><b>Apply_filter</b>  </a></td><td class="numi">1</td><td>1683634450890</td><td class="numi">7564</td></tr>
<tr class="passedeven"><td>TestCases.emp_PunchinPunchout</td><td><a href="#m19"><b>login_emp</b>  </a></td><td class="numi">1</td><td>1683634458455</td><td class="numi">7180</td></tr>
<tr class="passedodd"><td>TestCases.creating_emp_leave_request</td><td><a href="#m20"><b>createLeaverequest</b>  </a></td><td class="numi">1</td><td>1683634529867</td><td class="numi">231974</td></tr>
</table>
<h1>AutomationFoxHr_chrome</h1>
<h2 id="m1">TestCases.emp_PunchinPunchout:punchin_punchout</h2>
<div>
<div class="stacktrace">org.openqa.selenium.TimeoutException: Expected condition failed: waiting for element to be clickable: [[ChromeDriver: chrome on WINDOWS (f476f064e7572dc5d88d932660a53b17)] -&gt; xpath: //button[text()=&apos;Punch In&apos;]] (tried for 60 second(s) with 500 milliseconds interval)
Build info: version: &apos;3.141.59&apos;, revision: &apos;e82be7d358&apos;, time: &apos;2018-11-14T08:17:03&apos;
System info: host: &apos;LAPTOP-DM0TKLF0&apos;, ip: &apos;192.168.137.1&apos;, os.name: &apos;Windows 10&apos;, os.arch: &apos;amd64&apos;, os.version: &apos;10.0&apos;, java.version: &apos;12.0.2&apos;
Driver info: org.openqa.selenium.chrome.ChromeDriver
Capabilities {acceptInsecureCerts: false, browserName: chrome, browserVersion: 113.0.5672.93, chrome: {chromedriverVersion: 113.0.5672.63 (0e1a4471d5ae..., userDataDir: C:\Users\yaime\AppData\Loca...}, goog:chromeOptions: {debuggerAddress: localhost:54766}, javascriptEnabled: true, networkConnectionEnabled: false, pageLoadStrategy: normal, platform: WINDOWS, platformName: WINDOWS, proxy: Proxy(), setWindowRect: true, strictFileInteractability: false, timeouts: {implicit: 0, pageLoad: 300000, script: 30000}, unhandledPromptBehavior: dismiss and notify, webauthn:extension:credBlob: true, webauthn:extension:largeBlob: true, webauthn:extension:minPinLength: true, webauthn:extension:prf: true, webauthn:virtualAuthenticators: true}
Session ID: f476f064e7572dc5d88d932660a53b17
	at org.openqa.selenium.support.ui.WebDriverWait.timeoutException(WebDriverWait.java:95)
	at org.openqa.selenium.support.ui.FluentWait.until(FluentWait.java:272)
	at Pages.PunchinPunchoutPage.clickPunchin(PunchinPunchoutPage.java:49)
	at TestCases.emp_PunchinPunchout.punchin_punchout(emp_PunchinPunchout.java:71)
	at java.base/java.util.concurrent.ThreadPoolExecutor.runWorker(ThreadPoolExecutor.java:1128)
	at java.base/java.util.concurrent.ThreadPoolExecutor$Worker.run(ThreadPoolExecutor.java:628)
	at java.base/java.lang.Thread.run(Thread.java:835)
... Removed 10 stack frames</div>
</div>
<p class="totop"><a href="#summary">back to summary</a></p>
<h2 id="m2">TestCases.ChangePassword:add_organization</h2>
<p class="totop"><a href="#summary">back to summary</a></p>
<h2 id="m3">TestCases.ChangePassword:Annual_Leave_Attendance_Policy</h2>
<p class="totop"><a href="#summary">back to summary</a></p>
<h2 id="m4">TestCases.ChangePassword:add_personal_info</h2>
<p class="totop"><a href="#summary">back to summary</a></p>
<h2 id="m5">TestCases.emp_PunchinPunchout:login_emp</h2>
<p class="totop"><a href="#summary">back to summary</a></p>
<h2 id="m6">TestCases.ChangePassword:assertSearchByNameTest</h2>
<p class="totop"><a href="#summary">back to summary</a></p>
<h2 id="m7">TestCases.ChangePassword:Finances_Insurance</h2>
<p class="totop"><a href="#summary">back to summary</a></p>
<h2 id="m8">TestCases.ChangePassword:Employee_creation_confirmation</h2>
<p class="totop"><a href="#summary">back to summary</a></p>
<h2 id="m9">TestCases.ChangePassword:Apply_filter</h2>
<p class="totop"><a href="#summary">back to summary</a></p>
<h2 id="m10">TestCases.creating_emp_leave_request:createLeaverequest</h2>
<p class="totop"><a href="#summary">back to summary</a></p>
<h1>AutomationEdge_Edge</h1>
<h2 id="m11">TestCases.emp_PunchinPunchout:punchin_punchout</h2>
<div>
<div class="stacktrace">org.openqa.selenium.TimeoutException: Expected condition failed: waiting for element to be clickable: [[EdgeDriver: msedge on WINDOWS (4f6641481f256fb78cf575c25e06c350)] -&gt; xpath: //button[text()=&apos;Punch In&apos;]] (tried for 60 second(s) with 500 milliseconds interval)
Build info: version: &apos;3.141.59&apos;, revision: &apos;e82be7d358&apos;, time: &apos;2018-11-14T08:17:03&apos;
System info: host: &apos;LAPTOP-DM0TKLF0&apos;, ip: &apos;192.168.137.1&apos;, os.name: &apos;Windows 10&apos;, os.arch: &apos;amd64&apos;, os.version: &apos;10.0&apos;, java.version: &apos;12.0.2&apos;
Driver info: org.openqa.selenium.edge.EdgeDriver
Capabilities {acceptInsecureCerts: false, browserName: msedge, browserVersion: 113.0.1774.35, javascriptEnabled: true, ms:edgeOptions: {debuggerAddress: localhost:54913}, msedge: {msedgedriverVersion: 113.0.1774.35 (7069649d6056..., userDataDir: C:\Users\yaime\AppData\Loca...}, networkConnectionEnabled: false, pageLoadStrategy: normal, platform: WINDOWS, platformName: WINDOWS, proxy: Proxy(), setWindowRect: true, strictFileInteractability: false, timeouts: {implicit: 0, pageLoad: 300000, script: 30000}, unhandledPromptBehavior: dismiss and notify, webauthn:extension:credBlob: true, webauthn:extension:largeBlob: true, webauthn:extension:minPinLength: true, webauthn:extension:prf: true, webauthn:virtualAuthenticators: true}
Session ID: 4f6641481f256fb78cf575c25e06c350
	at org.openqa.selenium.support.ui.WebDriverWait.timeoutException(WebDriverWait.java:95)
	at org.openqa.selenium.support.ui.FluentWait.until(FluentWait.java:272)
	at Pages.PunchinPunchoutPage.clickPunchin(PunchinPunchoutPage.java:49)
	at TestCases.emp_PunchinPunchout.punchin_punchout(emp_PunchinPunchout.java:71)
	at java.base/java.util.concurrent.ThreadPoolExecutor.runWorker(ThreadPoolExecutor.java:1128)
	at java.base/java.util.concurrent.ThreadPoolExecutor$Worker.run(ThreadPoolExecutor.java:628)
	at java.base/java.lang.Thread.run(Thread.java:835)
... Removed 10 stack frames</div>
</div>
<p class="totop"><a href="#summary">back to summary</a></p>
<h2 id="m12">TestCases.creating_emp_leave_request:createLeaverequest</h2>
<p class="totop"><a href="#summary">back to summary</a></p>
<h2 id="m13">TestCases.ChangePassword:Annual_Leave_Attendance_Policy</h2>
<p class="totop"><a href="#summary">back to summary</a></p>
<h2 id="m14">TestCases.ChangePassword:assertSearchByNameTest</h2>
<p class="totop"><a href="#summary">back to summary</a></p>
<h2 id="m15">TestCases.ChangePassword:Employee_creation_confirmation</h2>
<p class="totop"><a href="#summary">back to summary</a></p>
<h2 id="m16">TestCases.ChangePassword:add_organization</h2>
<p class="totop"><a href="#summary">back to summary</a></p>
<h2 id="m17">TestCases.ChangePassword:Apply_filter</h2>
<p class="totop"><a href="#summary">back to summary</a></p>
<h2 id="m18">TestCases.emp_PunchinPunchout:login_emp</h2>
<p class="totop"><a href="#summary">back to summary</a></p>
<h2 id="m19">TestCases.ChangePassword:Finances_Insurance</h2>
<p class="totop"><a href="#summary">back to summary</a></p>
<h2 id="m20">TestCases.ChangePassword:add_personal_info</h2>
<p class="totop"><a href="#summary">back to summary</a></p>
</body></html>
